# JRE version: Java(TM) SE Runtime Environment (8.0_151-b12) (build 1.8.0_151-b12)
# Java VM: Java HotSpot(TM) 64-Bit Server VM (25.151-b12 mixed mode windows-amd64 compressed oops)
Heap:
 PSYoungGen      total 21504K, used 2298K [0x00000000eb500000, 0x00000000ed580000, 0x0000000100000000)
  eden space 16384K, 13% used [0x00000000eb500000,0x00000000eb71e878,0x00000000ec500000)
  from space 5120K, 2% used [0x00000000ecb80000,0x00000000ecba0000,0x00000000ed080000)
  to   space 5120K, 0% used [0x00000000ed080000,0x00000000ed080000,0x00000000ed580000)
 ParOldGen       total 44032K, used 7369K [0x00000000c1e00000, 0x00000000c4900000, 0x00000000eb500000)
  object space 44032K, 16% used [0x00000000c1e00000,0x00000000c25324b0,0x00000000c4900000)
 Metaspace       used 13328K, capacity 13540K, committed 13696K, reserved 1060864K
  class space    used 1746K, capacity 1839K, committed 1920K, reserved 1048576K
GC Heap History (10 events):
Event: 17.153 GC heap before
{Heap before GC invocations=7 (full 0):
 PSYoungGen      total 20480K, used 19197K [0x00000000eb500000, 0x00000000ecd00000, 0x0000000100000000)
  eden space 16384K, 95% used [0x00000000eb500000,0x00000000ec455f60,0x00000000ec500000)
  from space 4096K, 85% used [0x00000000ec900000,0x00000000ecc697a0,0x00000000ecd00000)
  to   space 4096K, 0% used [0x00000000ec500000,0x00000000ec500000,0x00000000ec900000)
 ParOldGen       total 44032K, used 2185K [0x00000000c1e00000, 0x00000000c4900000, 0x00000000eb500000)
  object space 44032K, 4% used [0x00000000c1e00000,0x00000000c20227c8,0x00000000c4900000)
 Metaspace       used 11875K, capacity 12056K, committed 12160K, reserved 1060864K
  class space    used 1515K, capacity 1605K, committed 1664K, reserved 1048576K
Event: 17.159 GC heap after
Heap after GC invocations=7 (full 0):
 PSYoungGen      total 20480K, used 128K [0x00000000eb500000, 0x00000000ede00000, 0x0000000100000000)
  eden space 16384K, 0% used [0x00000000eb500000,0x00000000eb500000,0x00000000ec500000)
  from space 4096K, 3% used [0x00000000ec500000,0x00000000ec520000,0x00000000ec900000)
  to   space 4608K, 0% used [0x00000000ed980000,0x00000000ed980000,0x00000000ede00000)
 ParOldGen       total 44032K, used 7068K [0x00000000c1e00000, 0x00000000c4900000, 0x00000000eb500000)
  object space 44032K, 16% used [0x00000000c1e00000,0x00000000c24e7190,0x00000000c4900000)
 Metaspace       used 11875K, capacity 12056K, committed 12160K, reserved 1060864K
  class space    used 1515K, capacity 1605K, committed 1664K, reserved 1048576K
}
Event: 17.427 GC heap before
{Heap before GC invocations=8 (full 0):
 PSYoungGen      total 20480K, used 15782K [0x00000000eb500000, 0x00000000ede00000, 0x0000000100000000)
  eden space 16384K, 95% used [0x00000000eb500000,0x00000000ec449888,0x00000000ec500000)
  from space 4096K, 3% used [0x00000000ec500000,0x00000000ec520000,0x00000000ec900000)
  to   space 4608K, 0% used [0x00000000ed980000,0x00000000ed980000,0x00000000ede00000)
 ParOldGen       total 44032K, used 7068K [0x00000000c1e00000, 0x00000000c4900000, 0x00000000eb500000)
  object space 44032K, 16% used [0x00000000c1e00000,0x00000000c24e7190,0x00000000c4900000)
 Metaspace       used 11876K, capacity 12056K, committed 12160K, reserved 1060864K
  class space    used 1515K, capacity 1605K, committed 1664K, reserved 1048576K
Event: 17.428 GC heap after
Heap after GC invocations=8 (full 0):
 PSYoungGen      total 17920K, used 1028K [0x00000000eb500000, 0x00000000edb00000, 0x0000000100000000)
  eden space 16384K, 0% used [0x00000000eb500000,0x00000000eb500000,0x00000000ec500000)
  from space 1536K, 66% used [0x00000000ed980000,0x00000000eda81010,0x00000000edb00000)
  to   space 5120K, 0% used [0x00000000ed100000,0x00000000ed100000,0x00000000ed600000)
 ParOldGen       total 44032K, used 7076K [0x00000000c1e00000, 0x00000000c4900000, 0x00000000eb500000)
  object space 44032K, 16% used [0x00000000c1e00000,0x00000000c24e9190,0x00000000c4900000)
 Metaspace       used 11876K, capacity 12056K, committed 12160K, reserved 1060864K
  class space    used 1515K, capacity 1605K, committed 1664K, reserved 1048576K
}
Event: 19.866 GC heap before
{Heap before GC invocations=9 (full 0):
 PSYoungGen      total 17920K, used 17412K [0x00000000eb500000, 0x00000000edb00000, 0x0000000100000000)
  eden space 16384K, 100% used [0x00000000eb500000,0x00000000ec500000,0x00000000ec500000)
  from space 1536K, 66% used [0x00000000ed980000,0x00000000eda81010,0x00000000edb00000)
  to   space 5120K, 0% used [0x00000000ed100000,0x00000000ed100000,0x00000000ed600000)
 ParOldGen       total 44032K, used 7076K [0x00000000c1e00000, 0x00000000c4900000, 0x00000000eb500000)
  object space 44032K, 16% used [0x00000000c1e00000,0x00000000c24e9190,0x00000000c4900000)
 Metaspace       used 11931K, capacity 12120K, committed 12416K, reserved 1060864K
  class space    used 1515K, capacity 1605K, committed 1664K, reserved 1048576K
Event: 19.867 GC heap after
Heap after GC invocations=9 (full 0):
 PSYoungGen      total 16896K, used 160K [0x00000000eb500000, 0x00000000eda00000, 0x0000000100000000)
  eden space 16384K, 0% used [0x00000000eb500000,0x00000000eb500000,0x00000000ec500000)
  from space 512K, 31% used [0x00000000ed100000,0x00000000ed128000,0x00000000ed180000)
  to   space 5120K, 0% used [0x00000000ed500000,0x00000000ed500000,0x00000000eda00000)
 ParOldGen       total 44032K, used 7092K [0x00000000c1e00000, 0x00000000c4900000, 0x00000000eb500000)
  object space 44032K, 16% used [0x00000000c1e00000,0x00000000c24ed190,0x00000000c4900000)
 Metaspace       used 11931K, capacity 12120K, committed 12416K, reserved 1060864K
  class space    used 1515K, capacity 1605K, committed 1664K, reserved 1048576K
}
Event: 22.836 GC heap before
{Heap before GC invocations=10 (full 0):
 PSYoungGen      total 16896K, used 16544K [0x00000000eb500000, 0x00000000eda00000, 0x0000000100000000)
  eden space 16384K, 100% used [0x00000000eb500000,0x00000000ec500000,0x00000000ec500000)
  from space 512K, 31% used [0x00000000ed100000,0x00000000ed128000,0x00000000ed180000)
  to   space 5120K, 0% used [0x00000000ed500000,0x00000000ed500000,0x00000000eda00000)
 ParOldGen       total 44032K, used 7092K [0x00000000c1e00000, 0x00000000c4900000, 0x00000000eb500000)
  object space 44032K, 16% used [0x00000000c1e00000,0x00000000c24ed190,0x00000000c4900000)
 Metaspace       used 13146K, capacity 13380K, committed 13696K, reserved 1060864K
  class space    used 1728K, capacity 1807K, committed 1920K, reserved 1048576K
Event: 22.837 GC heap after
Heap after GC invocations=10 (full 0):
 PSYoungGen      total 16896K, used 352K [0x00000000eb500000, 0x00000000ed580000, 0x0000000100000000)
  eden space 16384K, 0% used [0x00000000eb500000,0x00000000eb500000,0x00000000ec500000)
  from space 512K, 68% used [0x00000000ed500000,0x00000000ed558000,0x00000000ed580000)
  to   space 5120K, 0% used [0x00000000ecb80000,0x00000000ecb80000,0x00000000ed080000)
 ParOldGen       total 44032K, used 7108K [0x00000000c1e00000, 0x00000000c4900000, 0x00000000eb500000)
  object space 44032K, 16% used [0x00000000c1e00000,0x00000000c24f1190,0x00000000c4900000)
 Metaspace       used 13146K, capacity 13380K, committed 13696K, reserved 1060864K
  class space    used 1728K, capacity 1807K, committed 1920K, reserved 1048576K
}
Event: 26.270 GC heap before
{Heap before GC invocations=11 (full 0):
 PSYoungGen      total 16896K, used 16736K [0x00000000eb500000, 0x00000000ed580000, 0x0000000100000000)
  eden space 16384K, 100% used [0x00000000eb500000,0x00000000ec500000,0x00000000ec500000)
  from space 512K, 68% used [0x00000000ed500000,0x00000000ed558000,0x00000000ed580000)
  to   space 5120K, 0% used [0x00000000ecb80000,0x00000000ecb80000,0x00000000ed080000)
 ParOldGen       total 44032K, used 7108K [0x00000000c1e00000, 0x00000000c4900000, 0x00000000eb500000)
  object space 44032K, 16% used [0x00000000c1e00000,0x00000000c24f1190,0x00000000c4900000)
 Metaspace       used 13327K, capacity 13540K, committed 13696K, reserved 1060864K
  class space    used 1746K, capacity 1839K, committed 1920K, reserved 1048576K
Event: 26.271 GC heap after
Heap after GC invocations=11 (full 0):
 PSYoungGen      total 21504K, used 128K [0x00000000eb500000, 0x00000000ed580000, 0x0000000100000000)
  eden space 16384K, 0% used [0x00000000eb500000,0x00000000eb500000,0x00000000ec500000)
  from space 5120K, 2% used [0x00000000ecb80000,0x00000000ecba0000,0x00000000ed080000)
  to   space 5120K, 0% used [0x00000000ed080000,0x00000000ed080000,0x00000000ed580000)
 ParOldGen       total 44032K, used 7369K [0x00000000c1e00000, 0x00000000c4900000, 0x00000000eb500000)
  object space 44032K, 16% used [0x00000000c1e00000,0x00000000c25324b0,0x00000000c4900000)
 Metaspace       used 13327K, capacity 13540K, committed 13696K, reserved 1060864K
  class space    used 1746K, capacity 1839K, committed 1920K, reserved 1048576K
}

